TN:
SF:script/Counter.s.sol
DA:10,0
FN:10,CounterScript.setUp
FNDA:0,CounterScript.setUp
DA:12,0
FN:12,CounterScript.run
FNDA:0,CounterScript.run
DA:13,0
DA:15,0
DA:17,0
FNF:2
FNH:0
LF:5
LH:0
BRF:0
BRH:0
end_of_record
TN:
SF:script/Deploy.s.sol
DA:8,0
FN:8,DeployScript.run
FNDA:0,DeployScript.run
DA:9,0
DA:10,0
DA:11,0
DA:12,0
DA:13,0
DA:14,0
FNF:1
FNH:0
LF:7
LH:0
BRF:0
BRH:0
end_of_record
TN:
SF:src/AchievementNFT.sol
DA:11,1
FN:11,AchievementNFT.constructor
FNDA:1,AchievementNFT.constructor
DA:12,1
DA:15,1
FN:15,AchievementNFT.uri
FNDA:1,AchievementNFT.uri
DA:16,1
DA:19,1
FN:19,AchievementNFT.awardAchievement
FNDA:1,AchievementNFT.awardAchievement
DA:24,1
DA:28,0
FN:28,AchievementNFT.setBaseURI
FNDA:0,AchievementNFT.setBaseURI
DA:29,0
FNF:4
FNH:3
LF:8
LH:6
BRF:0
BRH:0
end_of_record
TN:
SF:src/Counter.sol
DA:7,260
FN:7,Counter.setNumber
FNDA:260,Counter.setNumber
DA:8,260
DA:11,1
FN:11,Counter.increment
FNDA:1,Counter.increment
DA:12,1
FNF:2
FNH:2
LF:4
LH:4
BRF:0
BRH:0
end_of_record
TN:
SF:src/EDUToken.sol
DA:14,5
FN:14,EDUToken.constructor
FNDA:5,EDUToken.constructor
DA:15,5
DA:18,257
FN:18,EDUToken.setPaused
FNDA:257,EDUToken.setPaused
DA:19,257
DA:22,523
FN:22,EDUToken.stake
FNDA:523,EDUToken.stake
DA:23,523
BRDA:23,0,0,78
BRDA:23,0,1,445
DA:24,445
BRDA:24,1,0,6
BRDA:24,1,1,439
DA:25,439
BRDA:25,2,0,157
BRDA:25,2,1,282
DA:26,282
BRDA:26,3,0,8
BRDA:26,3,1,274
DA:28,274
DA:31,1
FN:31,EDUToken.unstake
FNDA:1,EDUToken.unstake
DA:32,1
BRDA:32,4,0,1
BRDA:32,4,1,-
DA:33,0
DA:36,7
FN:36,EDUToken.resetUserStake
FNDA:7,EDUToken.resetUserStake
DA:37,7
FNF:5
FNH:5
LF:15
LH:14
BRF:10
BRH:9
end_of_record
