TN:
SF:script/Counter.s.sol
DA:10,0
FN:10,CounterScript.setUp
FNDA:0,CounterScript.setUp
DA:12,0
FN:12,CounterScript.run
FNDA:0,CounterScript.run
DA:13,0
DA:15,0
DA:17,0
FNF:2
FNH:0
LF:5
LH:0
BRF:0
BRH:0
end_of_record
TN:
SF:script/Deploy.s.sol
DA:8,0
FN:8,DeployScript.run
FNDA:0,DeployScript.run
DA:9,0
DA:10,0
DA:11,0
DA:12,0
DA:13,0
DA:14,0
FNF:1
FNH:0
LF:7
LH:0
BRF:0
BRH:0
end_of_record
TN:
SF:src/AchievementNFT.sol
DA:11,3
FN:11,AchievementNFT.constructor
FNDA:3,AchievementNFT.constructor
DA:12,3
DA:15,2
FN:15,AchievementNFT.uri
FNDA:2,AchievementNFT.uri
DA:16,2
DA:20,1
FN:20,AchievementNFT.awardAchievement
FNDA:1,AchievementNFT.awardAchievement
DA:21,1
DA:24,1
FN:24,AchievementNFT.setBaseURI
FNDA:1,AchievementNFT.setBaseURI
DA:25,1
FNF:4
FNH:4
LF:8
LH:8
BRF:0
BRH:0
end_of_record
TN:
SF:src/Counter.sol
DA:7,262
FN:7,Counter.setNumber
FNDA:262,Counter.setNumber
DA:8,262
DA:11,1
FN:11,Counter.increment
FNDA:1,Counter.increment
DA:12,1
FNF:2
FNH:2
LF:4
LH:4
BRF:0
BRH:0
end_of_record
TN:
SF:src/EDURewards.sol
DA:12,1
FN:12,EDURewards.constructor
FNDA:1,EDURewards.constructor
DA:13,1
DA:14,1
DA:18,1
FN:18,EDURewards.stake
FNDA:1,EDURewards.stake
DA:19,1
DA:22,1
FN:22,EDURewards.calculateRewards
FNDA:1,EDURewards.calculateRewards
DA:23,1
BRDA:23,0,0,-
DA:24,1
DA:25,1
BRDA:25,1,0,-
DA:26,1
FNF:3
FNH:3
LF:10
LH:10
BRF:2
BRH:0
end_of_record
TN:
SF:src/EDUToken.sol
DA:20,14
FN:20,EDUToken.constructor
FNDA:14,EDUToken.constructor
DA:21,14
DA:24,5
FN:24,EDUToken.setPaused
FNDA:5,EDUToken.setPaused
DA:25,4
DA:28,534
FN:28,EDUToken.stake
FNDA:534,EDUToken.stake
DA:29,534
BRDA:29,0,0,1
BRDA:29,0,1,533
DA:30,533
BRDA:30,1,0,235
BRDA:30,1,1,298
DA:32,298
BRDA:32,2,0,1
BRDA:32,2,1,297
DA:33,297
BRDA:33,3,0,1
BRDA:33,3,1,296
DA:34,296
BRDA:34,4,0,-
BRDA:34,4,1,296
DA:36,296
DA:37,296
DA:38,296
DA:41,1
FN:41,EDUToken.decimals
FNDA:1,EDUToken.decimals
DA:42,1
DA:45,3
FN:45,EDUToken.unstake
FNDA:3,EDUToken.unstake
DA:46,3
BRDA:46,5,0,1
BRDA:46,5,1,2
DA:47,2
BRDA:47,6,0,-
BRDA:47,6,1,2
DA:48,2
DA:49,2
DA:50,2
DA:53,2
FN:53,EDUToken.resetUserStake
FNDA:2,EDUToken.resetUserStake
DA:54,1
DA:57,282
FN:57,EDUToken.mint
FNDA:282,EDUToken.mint
DA:58,282
BRDA:58,7,0,1
BRDA:58,7,1,281
DA:59,281
DA:62,1
FN:62,EDUToken.getStake
FNDA:1,EDUToken.getStake
DA:63,1
FNF:8
FNH:8
LF:28
LH:28
BRF:16
BRH:14
end_of_record
