TN:
SF:script/Counter.s.sol
DA:10,0
FN:10,CounterScript.setUp
FNDA:0,CounterScript.setUp
DA:12,0
FN:12,CounterScript.run
FNDA:0,CounterScript.run
DA:13,0
DA:15,0
DA:17,0
FNF:2
FNH:0
LF:5
LH:0
BRF:0
BRH:0
end_of_record
TN:
SF:script/Deploy.s.sol
DA:8,0
FN:8,DeployScript.run
FNDA:0,DeployScript.run
DA:9,0
DA:10,0
DA:11,0
DA:12,0
DA:13,0
DA:14,0
FNF:1
FNH:0
LF:7
LH:0
BRF:0
BRH:0
end_of_record
TN:
SF:src/AchievementNFT.sol
DA:14,6
FN:14,AchievementNFT.awardAchievement
FNDA:6,AchievementNFT.awardAchievement
DA:15,6
BRDA:15,0,0,-
BRDA:15,0,1,6
DA:16,6
DA:19,0
FN:19,AchievementNFT.uri
FNDA:0,AchievementNFT.uri
DA:20,0
DA:25,0
FN:25,AchievementNFT.setBaseURI
FNDA:0,AchievementNFT.setBaseURI
DA:26,0
DA:30,9
FN:30,AchievementNFT._update
FNDA:9,AchievementNFT._update
DA:37,9
BRDA:37,1,0,2
DA:38,2
DA:41,7
DA:45,1
FN:45,AchievementNFT.burn
FNDA:1,AchievementNFT.burn
DA:46,1
BRDA:46,2,0,-
BRDA:46,2,1,1
DA:51,1
FNF:5
FNH:3
LF:14
LH:10
BRF:5
BRH:3
end_of_record
TN:
SF:src/Counter.sol
DA:7,258
FN:7,Counter.setNumber
FNDA:258,Counter.setNumber
DA:8,258
DA:11,1
FN:11,Counter.increment
FNDA:1,Counter.increment
DA:12,1
FNF:2
FNH:2
LF:4
LH:4
BRF:0
BRH:0
end_of_record
TN:
SF:src/EDUGovernor.sol
DA:18,12
FN:18,EDUGovernor.votingDelay
FNDA:12,EDUGovernor.votingDelay
DA:19,23
DA:22,2
FN:22,EDUGovernor.votingPeriod
FNDA:2,EDUGovernor.votingPeriod
DA:23,13
DA:26,1
FN:26,EDUGovernor.quorum
FNDA:1,EDUGovernor.quorum
DA:32,1
DA:35,1
FN:35,EDUGovernor.COUNTING_MODE
FNDA:1,EDUGovernor.COUNTING_MODE
DA:36,1
DA:40,5
FN:40,EDUGovernor._countVote
FNDA:5,EDUGovernor._countVote
DA:49,5
BRDA:49,0,0,2
BRDA:49,0,1,3
DA:51,3
DA:54,1
FN:54,EDUGovernor._quorumReached
FNDA:1,EDUGovernor._quorumReached
DA:55,1
DA:58,1
FN:58,EDUGovernor._voteSucceeded
FNDA:1,EDUGovernor._voteSucceeded
DA:59,1
DA:62,3
FN:62,EDUGovernor.hasVoted
FNDA:3,EDUGovernor.hasVoted
DA:63,3
FNF:8
FNH:8
LF:17
LH:17
BRF:2
BRH:2
end_of_record
TN:
SF:src/EDURewards.sol
DA:12,1
FN:12,EDURewards.constructor
FNDA:1,EDURewards.constructor
DA:13,1
DA:14,1
DA:18,1
FN:18,EDURewards.stake
FNDA:1,EDURewards.stake
DA:19,1
DA:22,1
FN:22,EDURewards.calculateRewards
FNDA:1,EDURewards.calculateRewards
DA:23,1
BRDA:23,0,0,-
DA:24,1
DA:25,1
BRDA:25,1,0,-
DA:26,1
FNF:3
FNH:3
LF:10
LH:10
BRF:2
BRH:0
end_of_record
TN:
SF:src/EDUToken.sol
DA:20,14
FN:20,EDUToken.constructor
FNDA:14,EDUToken.constructor
DA:21,14
DA:24,5
FN:24,EDUToken.setPaused
FNDA:5,EDUToken.setPaused
DA:25,4
DA:28,526
FN:28,EDUToken.stake
FNDA:526,EDUToken.stake
DA:29,526
BRDA:29,0,0,1
BRDA:29,0,1,525
DA:30,525
BRDA:30,1,0,232
BRDA:30,1,1,293
DA:32,293
BRDA:32,2,0,1
BRDA:32,2,1,292
DA:33,292
BRDA:33,3,0,1
BRDA:33,3,1,291
DA:34,291
BRDA:34,4,0,-
BRDA:34,4,1,291
DA:36,291
DA:37,291
DA:38,291
DA:41,1
FN:41,EDUToken.decimals
FNDA:1,EDUToken.decimals
DA:42,1
DA:45,3
FN:45,EDUToken.unstake
FNDA:3,EDUToken.unstake
DA:46,3
BRDA:46,5,0,1
BRDA:46,5,1,2
DA:47,2
BRDA:47,6,0,-
BRDA:47,6,1,2
DA:48,2
DA:49,2
DA:50,2
DA:53,2
FN:53,EDUToken.resetUserStake
FNDA:2,EDUToken.resetUserStake
DA:54,1
DA:57,278
FN:57,EDUToken.mint
FNDA:278,EDUToken.mint
DA:58,278
BRDA:58,7,0,1
BRDA:58,7,1,277
DA:59,277
DA:62,1
FN:62,EDUToken.getStake
FNDA:1,EDUToken.getStake
DA:63,1
FNF:8
FNH:8
LF:28
LH:28
BRF:16
BRH:14
end_of_record
TN:
SF:src/MyToken.sol
DA:21,151
FN:21,MyToken.safe32
FNDA:151,MyToken.safe32
DA:22,151
BRDA:22,0,0,1
BRDA:22,0,1,150
DA:23,150
DA:28,78
FN:28,MyToken.mint
FNDA:78,MyToken.mint
DA:29,78
DA:33,9
FN:33,MyToken.getVotes
FNDA:9,MyToken.getVotes
DA:34,114
DA:35,114
DA:38,23
FN:38,MyToken.getPastVotes
FNDA:23,MyToken.getPastVotes
DA:39,23
BRDA:39,1,0,-
BRDA:39,1,1,23
DA:40,23
DA:41,23
DA:44,21
BRDA:44,3,0,17
DA:45,17
DA:49,4
BRDA:49,4,0,1
DA:50,1
DA:53,3
DA:54,3
DA:55,7
DA:56,5
DA:57,5
DA:58,5
BRDA:58,5,0,1
BRDA:58,5,1,2
DA:59,1
DA:60,4
BRDA:60,6,0,2
BRDA:60,6,1,2
DA:61,2
DA:63,2
DA:66,2
DA:69,1
FN:69,MyToken.delegates
FNDA:1,MyToken.delegates
DA:70,239
DA:73,69
FN:73,MyToken.delegate
FNDA:69,MyToken.delegate
DA:74,69
DA:77,1
FN:77,MyToken.delegateBySig
FNDA:1,MyToken.delegateBySig
DA:85,1
BRDA:85,7,0,-
BRDA:85,7,1,1
DA:86,1
DA:95,1
DA:103,1
DA:104,1
DA:105,1
BRDA:105,8,0,-
BRDA:105,8,1,1
DA:106,1
BRDA:106,9,0,-
BRDA:106,9,1,1
DA:107,1
DA:110,2
FN:110,MyToken.DOMAIN_SEPARATOR
FNDA:2,MyToken.DOMAIN_SEPARATOR
DA:111,2
DA:122,9
FN:122,MyToken.getPastTotalSupply
FNDA:9,MyToken.getPastTotalSupply
DA:123,9
BRDA:123,10,0,-
BRDA:123,10,1,9
DA:124,9
DA:125,9
DA:127,9
BRDA:127,12,0,3
DA:128,3
DA:131,6
BRDA:131,13,0,1
DA:132,1
DA:135,5
DA:136,5
DA:137,10
DA:138,7
DA:139,7
DA:140,7
BRDA:140,14,0,2
BRDA:140,14,1,3
DA:141,2
DA:142,5
BRDA:142,15,0,2
BRDA:142,15,1,3
DA:143,2
DA:145,3
DA:148,3
DA:152,70
FN:152,MyToken._delegate
FNDA:70,MyToken._delegate
DA:153,70
DA:154,70
DA:155,70
DA:161,34
FN:161,MyToken._subtract
FNDA:34,MyToken._subtract
DA:162,34
DA:170,148
FN:170,MyToken._add
FNDA:148,MyToken._add
DA:172,148
DA:173,148
BRDA:173,16,0,-
BRDA:173,16,1,148
DA:174,148
DA:176,79
FN:176,MyToken._writeTotalSupplyCheckpoint
FNDA:79,MyToken._writeTotalSupplyCheckpoint
DA:181,79
DA:182,79
DA:183,79
DA:185,79
BRDA:185,17,0,19
BRDA:185,17,1,19
DA:186,19
DA:188,60
DA:194,103
FN:194,MyToken._writeCheckpoint
FNDA:103,MyToken._writeCheckpoint
DA:200,103
DA:201,103
DA:202,103
DA:204,103
BRDA:204,18,0,-
BRDA:204,18,1,103
DA:206,103
BRDA:206,19,0,12
BRDA:206,19,1,12
DA:207,12
DA:209,91
DA:214,4
FN:214,MyToken.burn
FNDA:4,MyToken.burn
DA:216,4
DA:219,85
FN:219,MyToken._update
FNDA:85,MyToken._update
DA:221,85
DA:224,84
DA:225,84
DA:228,84
DA:231,81
BRDA:231,20,0,75
BRDA:231,20,1,6
DA:232,75
DA:233,6
BRDA:233,21,0,4
DA:234,4
DA:237,154
FN:237,MyToken._moveDelegates
FNDA:154,MyToken._moveDelegates
DA:239,154
BRDA:239,22,0,77
DA:240,77
BRDA:240,23,0,30
DA:241,30
DA:242,30
BRDA:242,24,0,-
BRDA:242,24,1,30
DA:243,30
DA:245,77
BRDA:245,25,0,75
DA:246,75
DA:247,75
BRDA:247,26,0,2
BRDA:247,26,1,73
DA:248,73
FNF:17
FNH:17
LF:107
LH:107
BRF:42
BRH:34
end_of_record
TN:
SF:src/Oracle.sol
DA:8,2
FN:8,Oracle.constructor
FNDA:2,Oracle.constructor
DA:9,2
DA:12,2
FN:12,Oracle.predictEDUPrice
FNDA:2,Oracle.predictEDUPrice
DA:13,2
DA:15,2
FNF:2
FNH:2
LF:5
LH:5
BRF:0
BRH:0
end_of_record
TN:
SF:src/PriceFeed.sol
DA:11,8
FN:11,PriceFeed.constructor
FNDA:8,PriceFeed.constructor
DA:12,8
BRDA:12,0,0,1
BRDA:12,0,1,7
DA:13,7
DA:16,7
DA:17,7
DA:20,6
FN:20,PriceFeed.getEDUPrice
FNDA:6,PriceFeed.getEDUPrice
DA:21,6
DA:27,6
DA:30,5
BRDA:30,1,0,1
BRDA:30,1,1,4
DA:33,4
BRDA:33,2,0,-
BRDA:33,2,1,4
DA:34,4
BRDA:34,3,0,1
BRDA:34,3,1,3
DA:37,3
BRDA:37,4,0,1
BRDA:37,4,1,2
DA:39,2
DA:42,8
FN:42,PriceFeed.updateRoundId
FNDA:8,PriceFeed.updateRoundId
DA:43,8
DA:44,8
FNF:3
FNH:3
LF:16
LH:16
BRF:10
BRH:9
end_of_record
TN:
SF:src/ProjectToken.sol
DA:17,1
FN:17,ProjectToken.createProject
FNDA:1,ProjectToken.createProject
DA:22,1
FNF:1
FNH:1
LF:2
LH:2
BRF:0
BRH:0
end_of_record
TN:
SF:test/PriceFeed.t.sol
DA:12,7
FN:12,MockAggregator.constructor
FNDA:7,MockAggregator.constructor
DA:13,7
DA:14,7
DA:15,7
DA:18,1
FN:18,MockAggregator.setPrice
FNDA:1,MockAggregator.setPrice
DA:19,1
DA:22,3
FN:22,MockAggregator.setErrorType
FNDA:3,MockAggregator.setErrorType
DA:23,3
DA:26,7
FN:26,MockAggregator.setRoundId
FNDA:7,MockAggregator.setRoundId
DA:27,7
DA:30,0
FN:30,MockAggregator.setUpdatedAt
FNDA:0,MockAggregator.setUpdatedAt
DA:31,0
DA:33,21
FN:33,MockAggregator.latestRoundData
FNDA:21,MockAggregator.latestRoundData
DA:35,21
BRDA:35,0,0,1
DA:37,20
DA:38,20
DA:40,20
FNF:6
FNH:5
LF:17
LH:15
BRF:1
BRH:1
end_of_record
