TN:
SF:script/Counter.s.sol
DA:10,0
FN:10,CounterScript.setUp
FNDA:0,CounterScript.setUp
DA:12,0
FN:12,CounterScript.run
FNDA:0,CounterScript.run
DA:13,0
DA:15,0
DA:17,0
FNF:2
FNH:0
LF:5
LH:0
BRF:0
BRH:0
end_of_record
TN:
SF:script/Deploy.s.sol
DA:8,0
FN:8,DeployScript.run
FNDA:0,DeployScript.run
DA:9,0
DA:10,0
DA:11,0
DA:12,0
DA:13,0
DA:14,0
FNF:1
FNH:0
LF:7
LH:0
BRF:0
BRH:0
end_of_record
TN:
SF:src/AchievementNFT.sol
DA:11,1
FN:11,AchievementNFT.constructor
FNDA:1,AchievementNFT.constructor
DA:12,1
DA:15,1
FN:15,AchievementNFT.uri
FNDA:1,AchievementNFT.uri
DA:16,1
DA:19,1
FN:19,AchievementNFT.awardAchievement
FNDA:1,AchievementNFT.awardAchievement
DA:24,1
DA:28,0
FN:28,AchievementNFT.setBaseURI
FNDA:0,AchievementNFT.setBaseURI
DA:29,0
FNF:4
FNH:3
LF:8
LH:6
BRF:0
BRH:0
end_of_record
TN:
SF:src/Counter.sol
DA:7,258
FN:7,Counter.setNumber
FNDA:258,Counter.setNumber
DA:8,258
DA:11,1
FN:11,Counter.increment
FNDA:1,Counter.increment
DA:12,1
FNF:2
FNH:2
LF:4
LH:4
BRF:0
BRH:0
end_of_record
TN:
SF:src/EDUToken.sol
DA:9,2
FN:9,EDUToken.stake
FNDA:2,EDUToken.stake
DA:10,2
BRDA:10,0,0,-
BRDA:10,0,1,2
DA:11,2
DA:12,2
DA:15,1
FN:15,EDUToken.unstake
FNDA:1,EDUToken.unstake
DA:16,1
BRDA:16,1,0,-
BRDA:16,1,1,1
DA:17,1
BRDA:17,2,0,1
BRDA:17,2,1,-
DA:18,0
DA:19,0
FNF:2
FNH:2
LF:9
LH:7
BRF:6
BRH:3
end_of_record
